\BOOKMARK [0][-]{chapter.1}{Overview}{}% 1
\BOOKMARK [0][-]{chapter.2}{References}{}% 2
\BOOKMARK [0][-]{chapter.3}{Specification}{}% 3
\BOOKMARK [1][-]{section.3.1}{Genre}{chapter.3}% 4
\BOOKMARK [1][-]{section.3.2}{Art Style}{chapter.3}% 5
\BOOKMARK [0][-]{chapter.4}{Gameplay and Game Setting}{}% 6
\BOOKMARK [1][-]{section.4.1}{Story}{chapter.4}% 7
\BOOKMARK [1][-]{section.4.2}{World/Environment}{chapter.4}% 8
\BOOKMARK [1][-]{section.4.3}{User Interface}{chapter.4}% 9
\BOOKMARK [1][-]{section.4.4}{Main Objective}{chapter.4}% 10
\BOOKMARK [1][-]{section.4.5}{Core Mechanics}{chapter.4}% 11
\BOOKMARK [1][-]{section.4.6}{Controls}{chapter.4}% 12
\BOOKMARK [0][-]{chapter.5}{Front End}{}% 13
\BOOKMARK [1][-]{section.5.1}{Start Screen}{chapter.5}% 14
\BOOKMARK [1][-]{section.5.2}{Menus}{chapter.5}% 15
\BOOKMARK [1][-]{section.5.3}{End Screen}{chapter.5}% 16
\BOOKMARK [0][-]{chapter.6}{Technology}{}% 17
\BOOKMARK [1][-]{section.6.1}{Target Systems}{chapter.6}% 18
\BOOKMARK [1][-]{section.6.2}{Hardware}{chapter.6}% 19
\BOOKMARK [1][-]{section.6.3}{Development Systems/Tools}{chapter.6}% 20
\BOOKMARK [0][-]{chapter.7}{Topic and Inclusion}{}% 21
\BOOKMARK [1][-]{section.7.1}{Main Theme}{chapter.7}% 22
\BOOKMARK [1][-]{section.7.2}{Inclusion}{chapter.7}% 23
\BOOKMARK [2][-]{subsection.7.2.1}{Diversity}{section.7.2}% 24
\BOOKMARK [2][-]{subsection.7.2.2}{Accessibility}{section.7.2}% 25
\BOOKMARK [2][-]{subsection.7.2.3}{Humanity}{section.7.2}% 26
\BOOKMARK [0][-]{chapter.8}{Timeline}{}% 27
\BOOKMARK [0][-]{chapter.9}{Team and Credits}{}% 28
